
[1;34m===== Server Performance Stats - 2025-04-06 =====[0m

[1;34m===== CPU Usage =====[0m
[1;33mCPU Usage:[0m 6.7%

[1;34m===== Memory Usage =====[0m
[1;33mUsed:[0m 193MB | [1;33mFree:[0m 673MB | [1;33mUsage:[0m 22.29%

[1;34m===== Disk Usage =====[0m
[1;33mUsed:[0m 5.1G | [1;33mFree:[0m 40G | [1;33mUsage:[0m 12%

[1;34m===== Top 5 Processes by CPU =====[0m
[0;32mPID	COMMAND	%CPU[0m
[0;32m1	systemd	0.0[0m
[0;32m2	kthreadd	0.0[0m
[0;32m3	rcu_gp	0.0[0m
[0;32m4	rcu_par_gp	0.0[0m
[0;32m5	netns	0.0[0m

[1;34m===== Top 5 Processes by Memory =====[0m
[0;32mPID	COMMAND	%MEM[0m
[0;32m74688	systemd-journal	4.1[0m
[0;32m70757	snapd	0.8[0m
[0;32m85814	multipathd	0.6[0m
[0;32m85813	packagekitd	0.5[0m
[0;32m855	unattended-upgr	0.4[0m

[1;34m===== System Info =====[0m
[1;33mOS:[0m Ubuntu 22.04.5 LTS
[1;33mUptime:[0m up 6 days, 16 hours, 42 minutes
[1;33mLoad Avg:[0m  0.00, 0.00, 0.00
[1;33mLogged In Users:[0m 1

[1;34m===== Failed Login Attempts =====[0m
[0;31mCount:[0m 4360

[1;34m===== Git Commit =====[0m
