
[1;34m===== Server Performance Stats - 2025-04-23 =====[0m

[1;34m===== CPU Usage =====[0m
[1;33mCPU Usage:[0m 11.8%

[1;34m===== Memory Usage =====[0m
[1;33mUsed:[0m 440MB | [1;33mFree:[0m 357MB | [1;33mUsage:[0m 55.21%

[1;34m===== Disk Usage =====[0m
[1;33mUsed:[0m 36G | [1;33mFree:[0m 93G | [1;33mUsage:[0m 28%

[1;34m===== Top 5 Processes by CPU =====[0m
[0;32mPID	COMMAND	%CPU[0m
[0;32m1310007	outline-ss-serv	1.1[0m
[0;32m1727935	bash	1.0[0m
[0;32m1	systemd	0.0[0m
[0;32m2	kthreadd	0.0[0m
[0;32m3	rcu_gp	0.0[0m

[1;34m===== Top 5 Processes by Memory =====[0m
[0;32mPID	COMMAND	%MEM[0m
[0;32m74688	systemd-journal	2.6[0m
[0;32m1309581	dockerd	2.1[0m
[0;32m1310000	prometheus	1.9[0m
[0;32m1309967	node	1.7[0m
[0;32m1310007	outline-ss-serv	1.1[0m

[1;34m===== System Info =====[0m
[1;33mOS:[0m Ubuntu 22.04.5 LTS
[1;33mUptime:[0m up 3 weeks, 2 days, 17 hours, 7 minutes
[1;33mLoad Avg:[0m  0.10, 0.04, 0.01
[1;33mLogged In Users:[0m 0

[1;34m===== Failed Login Attempts =====[0m
[0;31mCount:[0m 0
N/A

[1;34m===== Git Commit =====[0m
[main 64324b7] Daily log update for 2025-04-23
 1 file changed, 39 insertions(+)
 create mode 100644 logs/2025-04-23.log
To github.com:Ramtinboreili/monitoring-server.git
   aa95640..64324b7  main -> main

[1;34m===== Server Performance Stats - 2025-04-23 =====[0m

[1;34m===== CPU Usage =====[0m
[1;33mCPU Usage:[0m 35.3%

[1;34m===== Memory Usage =====[0m
[1;33mUsed:[0m 439MB | [1;33mFree:[0m 327MB | [1;33mUsage:[0m 57.31%

[1;34m===== Disk Usage =====[0m
[1;33mUsed:[0m 36G | [1;33mFree:[0m 93G | [1;33mUsage:[0m 28%

[1;34m===== Top 5 Processes by CPU =====[0m
[0;32mPID	COMMAND	%CPU[0m
[0;32m1310007	outline-ss-serv	1.1[0m
[0;32m1	systemd	0.0[0m
[0;32m2	kthreadd	0.0[0m
[0;32m3	rcu_gp	0.0[0m
[0;32m4	rcu_par_gp	0.0[0m

[1;34m===== Top 5 Processes by Memory =====[0m
[0;32mPID	COMMAND	%MEM[0m
[0;32m74688	systemd-journal	2.7[0m
[0;32m1309581	dockerd	2.1[0m
[0;32m1310000	prometheus	1.9[0m
[0;32m1309967	node	1.7[0m
[0;32m1310007	outline-ss-serv	1.0[0m

[1;34m===== System Info =====[0m
[1;33mOS:[0m Ubuntu 22.04.5 LTS
[1;33mUptime:[0m up 3 weeks, 2 days, 18 hours, 51 minutes
[1;33mLoad Avg:[0m  0.03, 0.06, 0.07
[1;33mLogged In Users:[0m 1

[1;34m===== Failed Login Attempts =====[0m
[0;31mCount:[0m 0
N/A

[1;34m===== Git Commit =====[0m
[main f313825] Daily log update for 2025-04-23
 1 file changed, 44 insertions(+)
To github.com:Ramtinboreili/monitoring-server.git
   64324b7..f313825  main -> main

[1;34m===== Server Performance Stats - 2025-04-23 =====[0m

[1;34m===== CPU Usage =====[0m
[1;33mCPU Usage:[0m 73.3%

[1;34m===== Memory Usage =====[0m
[1;33mUsed:[0m 451MB | [1;33mFree:[0m 313MB | [1;33mUsage:[0m 59.03%

[1;34m===== Disk Usage =====[0m
[1;33mUsed:[0m 36G | [1;33mFree:[0m 93G | [1;33mUsage:[0m 28%

[1;34m===== Top 5 Processes by CPU =====[0m
[0;32mPID	COMMAND	%CPU[0m
[0;32m1310007	outline-ss-serv	1.1[0m
[0;32m1	systemd	0.0[0m
[0;32m2	kthreadd	0.0[0m
[0;32m3	rcu_gp	0.0[0m
[0;32m4	rcu_par_gp	0.0[0m

[1;34m===== Top 5 Processes by Memory =====[0m
[0;32mPID	COMMAND	%MEM[0m
[0;32m74688	systemd-journal	2.7[0m
[0;32m1309581	dockerd	2.1[0m
[0;32m1310000	prometheus	1.9[0m
[0;32m1309967	node	1.9[0m
[0;32m1310007	outline-ss-serv	0.8[0m

[1;34m===== System Info =====[0m
[1;33mOS:[0m Ubuntu 22.04.5 LTS
[1;33mUptime:[0m up 3 weeks, 3 days, 3 hours, 7 minutes
[1;33mLoad Avg:[0m  0.18, 0.09, 0.03
[1;33mLogged In Users:[0m 2

[1;34m===== Failed Login Attempts =====[0m
[0;31mCount:[0m 0
N/A

[1;34m===== Git Commit =====[0m
