
[1;34m===== Server Performance Stats - 2025-05-23 =====[0m

[1;34m===== CPU Usage =====[0m
[1;33mCPU Usage:[0m 6.2%

[1;34m===== Memory Usage =====[0m
[1;33mUsed:[0m 425MB | [1;33mFree:[0m 210MB | [1;33mUsage:[0m 66.93%

[1;34m===== Disk Usage =====[0m
[1;33mUsed:[0m 46G | [1;33mFree:[0m 83G | [1;33mUsage:[0m 36%

[1;34m===== Top 5 Processes by CPU =====[0m
[0;32mPID	COMMAND	%CPU[0m
[0;32m67362	outline-ss-serv	1.8[0m
[0;32m1	systemd	0.0[0m
[0;32m2	kthreadd	0.0[0m
[0;32m3	rcu_gp	0.0[0m
[0;32m4	rcu_par_gp	0.0[0m

[1;34m===== Top 5 Processes by Memory =====[0m
[0;32mPID	COMMAND	%MEM[0m
[0;32m66838	dockerd	1.5[0m
[0;32m67356	prometheus	1.4[0m
[0;32m67345	node	1.4[0m
[0;32m39290	systemd-journal	1.0[0m
[0;32m67362	outline-ss-serv	0.9[0m

[1;34m===== System Info =====[0m
[1;33mOS:[0m Ubuntu 22.04.5 LTS
[1;33mUptime:[0m up 2 weeks, 4 days, 13 hours, 21 minutes
[1;33mLoad Avg:[0m  0.00, 0.01, 0.00
[1;33mLogged In Users:[0m 1

[1;34m===== Failed Login Attempts =====[0m
[0;31mCount:[0m 0
N/A

[1;34m===== Git Commit =====[0m
[main 424ab6c] Daily log update for 2025-05-23
 1 file changed, 39 insertions(+)
 create mode 100644 logs/2025-05-23.log
To https://github.com/Ramtinboreili/monitoring-server.git
   8b1e86f..424ab6c  main -> main

[1;34m===== Server Performance Stats - 2025-05-23 =====[0m

[1;34m===== CPU Usage =====[0m
[1;33mCPU Usage:[0m 6.2%

[1;34m===== Memory Usage =====[0m
[1;33mUsed:[0m 408MB | [1;33mFree:[0m 234MB | [1;33mUsage:[0m 63.55%

[1;34m===== Disk Usage =====[0m
[1;33mUsed:[0m 46G | [1;33mFree:[0m 83G | [1;33mUsage:[0m 36%

[1;34m===== Top 5 Processes by CPU =====[0m
[0;32mPID	COMMAND	%CPU[0m
[0;32m67362	outline-ss-serv	1.8[0m
[0;32m1	systemd	0.0[0m
[0;32m2	kthreadd	0.0[0m
[0;32m3	rcu_gp	0.0[0m
[0;32m4	rcu_par_gp	0.0[0m

[1;34m===== Top 5 Processes by Memory =====[0m
[0;32mPID	COMMAND	%MEM[0m
[0;32m66838	dockerd	1.5[0m
[0;32m67356	prometheus	1.5[0m
[0;32m67345	node	1.4[0m
[0;32m39290	systemd-journal	1.0[0m
[0;32m841566	snapd	0.8[0m

[1;34m===== System Info =====[0m
[1;33mOS:[0m Ubuntu 22.04.5 LTS
[1;33mUptime:[0m up 2 weeks, 5 days, 3 hours, 42 minutes
[1;33mLoad Avg:[0m  0.00, 0.00, 0.00
[1;33mLogged In Users:[0m 0

[1;34m===== Failed Login Attempts =====[0m
[0;31mCount:[0m 0
N/A

[1;34m===== Git Commit =====[0m
