
[1;34m===== Server Performance Stats - 2025-05-11 =====[0m

[1;34m===== CPU Usage =====[0m
[1;33mCPU Usage:[0m 13.3%

[1;34m===== Memory Usage =====[0m
[1;33mUsed:[0m 551MB | [1;33mFree:[0m 291MB | [1;33mUsage:[0m 65.44%

[1;34m===== Disk Usage =====[0m
[1;33mUsed:[0m 43G | [1;33mFree:[0m 212G | [1;33mUsage:[0m 17%

[1;34m===== Top 5 Processes by CPU =====[0m
[0;32mPID	COMMAND	%CPU[0m
[0;32m67362	outline-ss-serv	1.6[0m
[0;32m244888	grafana	0.3[0m
[0;32m244728	prometheus	0.1[0m
[0;32m1	systemd	0.0[0m
[0;32m2	kthreadd	0.0[0m

[1;34m===== Top 5 Processes by Memory =====[0m
[0;32mPID	COMMAND	%MEM[0m
[0;32m244888	grafana	6.3[0m
[0;32m244728	prometheus	2.3[0m
[0;32m66838	dockerd	2.0[0m
[0;32m67345	node	1.7[0m
[0;32m67356	prometheus	1.5[0m

[1;34m===== System Info =====[0m
[1;33mOS:[0m Ubuntu 22.04.5 LTS
[1;33mUptime:[0m up 6 days, 17 hours, 24 minutes
[1;33mLoad Avg:[0m  0.08, 0.09, 0.03
[1;33mLogged In Users:[0m 1

[1;34m===== Failed Login Attempts =====[0m
[0;31mCount:[0m 0
N/A

[1;34m===== Git Commit =====[0m
