
[1;34m===== Server Performance Stats - 2025-04-18 =====[0m

[1;34m===== CPU Usage =====[0m
[1;33mCPU Usage:[0m 12.5%

[1;34m===== Memory Usage =====[0m
[1;33mUsed:[0m 444MB | [1;33mFree:[0m 247MB | [1;33mUsage:[0m 64.25%

[1;34m===== Disk Usage =====[0m
[1;33mUsed:[0m 38G | [1;33mFree:[0m 91G | [1;33mUsage:[0m 30%

[1;34m===== Top 5 Processes by CPU =====[0m
[0;32mPID	COMMAND	%CPU[0m
[0;32m127541	outline-ss-serv	0.9[0m
[0;32m1189745	sshd	0.2[0m
[0;32m1189824	bash	0.2[0m
[0;32m1	systemd	0.0[0m
[0;32m2	kthreadd	0.0[0m

[1;34m===== Top 5 Processes by Memory =====[0m
[0;32mPID	COMMAND	%MEM[0m
[0;32m74688	systemd-journal	3.1[0m
[0;32m126664	dockerd	2.0[0m
[0;32m127535	prometheus	1.5[0m
[0;32m127524	node	1.3[0m
[0;32m126448	containerd	0.9[0m

[1;34m===== System Info =====[0m
[1;33mOS:[0m Ubuntu 22.04.5 LTS
[1;33mUptime:[0m up 2 weeks, 4 days, 14 hours, 27 minutes
[1;33mLoad Avg:[0m  0.09, 0.04, 0.01
[1;33mLogged In Users:[0m 4

[1;34m===== Failed Login Attempts =====[0m
[0;31mCount:[0m 0
N/A

[1;34m===== Git Commit =====[0m
