
[1;34m===== Server Performance Stats - 2025-03-30 =====[0m

[1;34m===== CPU Usage =====[0m
[1;33mCPU Usage:[0m 6.2%

[1;34m===== Memory Usage =====[0m
[1;33mUsed:[0m 241MB | [1;33mFree:[0m 341MB | [1;33mUsage:[0m 41.41%

[1;34m===== Disk Usage =====[0m
[1;33mUsed:[0m 21G | [1;33mFree:[0m 5.0G | [1;33mUsage:[0m 81%

[1;34m===== Top 5 Processes by CPU =====[0m
[0;32mPID	COMMAND	%CPU[0m
[0;32m28267	sshd	0.2[0m
[0;32m28270	systemd	0.1[0m
[0;32m28356	bash	0.1[0m
[0;32m1	systemd	0.0[0m
[0;32m2	kthreadd	0.0[0m

[1;34m===== Top 5 Processes by Memory =====[0m
[0;32mPID	COMMAND	%MEM[0m
[0;32m3326	dockerd	2.3[0m
[0;32m355	systemd-journal	2.0[0m
[0;32m3215	containerd	1.8[0m
[0;32m390	multipathd	1.3[0m
[0;32m938	snapd	1.2[0m

[1;34m===== System Info =====[0m
[1;33mOS:[0m Ubuntu 22.04.5 LTS
[1;33mUptime:[0m up 3 days, 14 hours, 56 minutes
[1;33mLoad Avg:[0m  0.00, 0.00, 0.00
[1;33mLogged In Users:[0m 1

[1;34m===== Failed Login Attempts =====[0m
[0;31mCount:[0m 123

[1;34m===== Git Commit =====[0m
