
[1;34m===== Server Performance Stats - 2025-05-15 =====[0m

[1;34m===== CPU Usage =====[0m
[1;33mCPU Usage:[0m 27.8%

[1;34m===== Memory Usage =====[0m
[1;33mUsed:[0m 576MB | [1;33mFree:[0m 208MB | [1;33mUsage:[0m 73.47%

[1;34m===== Disk Usage =====[0m
[1;33mUsed:[0m 44G | [1;33mFree:[0m 212G | [1;33mUsage:[0m 17%

[1;34m===== Top 5 Processes by CPU =====[0m
[0;32mPID	COMMAND	%CPU[0m
[0;32m67362	outline-ss-serv	1.6[0m
[0;32m244888	grafana	0.2[0m
[0;32m714646	systemd	0.1[0m
[0;32m714772	sshd	0.1[0m
[0;32m714821	bash	0.1[0m

[1;34m===== Top 5 Processes by Memory =====[0m
[0;32mPID	COMMAND	%MEM[0m
[0;32m244888	grafana	6.3[0m
[0;32m244728	prometheus	2.3[0m
[0;32m66838	dockerd	2.0[0m
[0;32m67345	node	1.8[0m
[0;32m67356	prometheus	1.6[0m

[1;34m===== System Info =====[0m
[1;33mOS:[0m Ubuntu 22.04.5 LTS
[1;33mUptime:[0m up 1 week, 3 days, 18 hours, 20 minutes
[1;33mLoad Avg:[0m  0.22, 0.16, 0.08
[1;33mLogged In Users:[0m 1

[1;34m===== Failed Login Attempts =====[0m
[0;31mCount:[0m 0
N/A

[1;34m===== Git Commit =====[0m
[main 9234083] Daily log update for 2025-05-15
 1 file changed, 39 insertions(+)
 create mode 100644 logs/2025-05-15.log
To https://github.com/Ramtinboreili/monitoring-server.git
   bd61441..9234083  main -> main

[1;34m===== Server Performance Stats - 2025-05-15 =====[0m

[1;34m===== CPU Usage =====[0m
[1;33mCPU Usage:[0m 17.6%

[1;34m===== Memory Usage =====[0m
[1;33mUsed:[0m 593MB | [1;33mFree:[0m 182MB | [1;33mUsage:[0m 76.52%

[1;34m===== Disk Usage =====[0m
[1;33mUsed:[0m 44G | [1;33mFree:[0m 212G | [1;33mUsage:[0m 17%

[1;34m===== Top 5 Processes by CPU =====[0m
[0;32mPID	COMMAND	%CPU[0m
[0;32m67362	outline-ss-serv	1.6[0m
[0;32m244888	grafana	0.2[0m
[0;32m716549	fwupd	0.1[0m
[0;32m1	systemd	0.0[0m
[0;32m2	kthreadd	0.0[0m

[1;34m===== Top 5 Processes by Memory =====[0m
[0;32mPID	COMMAND	%MEM[0m
[0;32m244888	grafana	6.3[0m
[0;32m244728	prometheus	2.3[0m
[0;32m66838	dockerd	2.0[0m
[0;32m716549	fwupd	1.9[0m
[0;32m67345	node	1.8[0m

[1;34m===== System Info =====[0m
[1;33mOS:[0m Ubuntu 22.04.5 LTS
[1;33mUptime:[0m up 1 week, 3 days, 19 hours, 5 minutes
[1;33mLoad Avg:[0m  0.01, 0.03, 0.00
[1;33mLogged In Users:[0m 1

[1;34m===== Failed Login Attempts =====[0m
[0;31mCount:[0m 0
N/A

[1;34m===== Git Commit =====[0m
